<?xml version="1.0" encoding="UTF-8"?>
<!-- Generated by org.testng.reporters.JUnitXMLReporter -->
<testsuite ignored="0" hostname="DYLANSLAPTOP" failures="0" tests="9" name="Surefire test" time="0.092" errors="0" timestamp="2025-04-02T14:41:47 EDT">
  <testcase classname="com.model.InstrumentTest" name="testTuneDoesNotThrowException on testTuneDoesNotThrowException(com.model.InstrumentTest)" time="0.018"/>
  <testcase classname="com.model.InstrumentTest" name="testGetDetailsFormat on testGetDetailsFormat(com.model.InstrumentTest)" time="0.021"/>
  <testcase classname="com.model.InstrumentTest" name="testConstructorAndGetters on testConstructorAndGetters(com.model.InstrumentTest)" time="0.022"/>
  <testcase classname="com.model.InstrumentTest" name="testSetVolumeBoundary on testSetVolumeBoundary(com.model.InstrumentTest)" time="0.023"/>
  <testcase classname="com.model.InstrumentTest" name="testNonElectricInstrument on testNonElectricInstrument(com.model.InstrumentTest)" time="0.024"/>
  <testcase classname="com.model.InstrumentTest" name="testSettersUpdateFields on testSettersUpdateFields(com.model.InstrumentTest)" time="0.024"/>
  <testcase classname="com.model.InstrumentTest" name="testNullInputs on testNullInputs(com.model.InstrumentTest)" time="0.024"/>
  <testcase classname="com.model.InstrumentTest" name="testPlayDoesNotThrowException on testPlayDoesNotThrowException(com.model.InstrumentTest)" time="0.024"/>
  <testcase classname="com.model.InstrumentTest" name="testStopPlayingDoesNotThrowException on testStopPlayingDoesNotThrowException(com.model.InstrumentTest)" time="0.025"/>
</testsuite> <!-- Surefire test -->
