<?xml version="1.0" encoding="UTF-8"?>
<!-- Generated by org.testng.reporters.JUnitXMLReporter -->
<testsuite ignored="0" hostname="DYLANSLAPTOP" failures="0" tests="7" name="Surefire test" time="0.079" errors="0" timestamp="2025-04-02T14:52:55 EDT">
  <testcase classname="com.model.QuestionsTest" name="testIsCorrectWithWhitespace on testIsCorrectWithWhitespace(com.model.QuestionsTest)" time="0.016"/>
  <testcase classname="com.model.QuestionsTest" name="testConstructorAndGetters on testConstructorAndGetters(com.model.QuestionsTest)" time="0.015"/>
  <testcase classname="com.model.QuestionsTest" name="testIsCorrectCaseInsensitive on testIsCorrectCaseInsensitive(com.model.QuestionsTest)" time="0.015"/>
  <testcase classname="com.model.QuestionsTest" name="testIsCorrectWithNullAnswer on testIsCorrectWithNullAnswer(com.model.QuestionsTest)" time="0.015"/>
  <testcase classname="com.model.QuestionsTest" name="testIsCorrectWithValidAnswer on testIsCorrectWithValidAnswer(com.model.QuestionsTest)" time="0.016"/>
  <testcase classname="com.model.QuestionsTest" name="testToStringFormat on testToStringFormat(com.model.QuestionsTest)" time="0.016"/>
  <testcase classname="com.model.QuestionsTest" name="testIsCorrectWithInvalidAnswer on testIsCorrectWithInvalidAnswer(com.model.QuestionsTest)" time="0.017"/>
</testsuite> <!-- Surefire test -->
