<?xml version="1.0" encoding="UTF-8"?>
<testsuite xmlns:xsi="http://www.w3.org/2001/XMLSchema-instance" xsi:noNamespaceSchemaLocation="https://maven.apache.org/surefire/maven-surefire-plugin/xsd/surefire-test-report-3.0.xsd" version="3.0" name="com.model.SongTest" time="0.177" tests="5" errors="0" skipped="0" failures="0">
  <properties>
[...]
</properties>
  <testcase name="testGetNotes" classname="com.model.SongTest" time="0.082"/>
  <testcase name="testGetTempo" classname="com.model.SongTest" time="0.0"/>
  <testcase name="testGetTitle" classname="com.model.SongTest" time="0.0"/>
  <testcase name="testGetDifficulty" classname="com.model.SongTest" time="0.0"/>
  <testcase name="testGetSongID" classname="com.model.SongTest" time="0.0"/>
</testsuite>