<?xml version="1.0" encoding="UTF-8"?>
<testng-results ignored="0" total="4" passed="4" failed="0" skipped="0">
  <reporter-output>
  </reporter-output>
  <suite started-at="2025-04-02T16:20:55 EDT" name="Surefire suite" finished-at="2025-04-02T16:20:55 EDT" duration-ms="189">
    <groups>
    </groups>
    <test started-at="2025-04-02T16:20:55 EDT" name="Surefire test" finished-at="2025-04-02T16:20:55 EDT" duration-ms="189">
      <class name="com.model.Data_LoaderTest">
        <test-method signature="testLoadUsersNotEmpty()" started-at="2025-04-02T16:20:55 EDT" name="testLoadUsersNotEmpty" finished-at="2025-04-02T16:20:55 EDT" duration-ms="51" status="PASS">
          <reporter-output>
          </reporter-output>
        </test-method> <!-- testLoadUsersNotEmpty -->
        <test-method signature="testFirstUserFields()" started-at="2025-04-02T16:20:55 EDT" name="testFirstUserFields" finished-at="2025-04-02T16:20:55 EDT" duration-ms="53" status="PASS">
          <reporter-output>
          </reporter-output>
        </test-method> <!-- testFirstUserFields -->
        <test-method signature="testLoadSongsNotEmpty()" started-at="2025-04-02T16:20:55 EDT" name="testLoadSongsNotEmpty" finished-at="2025-04-02T16:20:55 EDT" duration-ms="69" status="PASS">
          <reporter-output>
          </reporter-output>
        </test-method> <!-- testLoadSongsNotEmpty -->
        <test-method signature="testFirstSongFields()" started-at="2025-04-02T16:20:55 EDT" name="testFirstSongFields" finished-at="2025-04-02T16:20:55 EDT" duration-ms="55" status="PASS">
          <reporter-output>
          </reporter-output>
        </test-method> <!-- testFirstSongFields -->
      </class> <!-- com.model.Data_LoaderTest -->
    </test> <!-- Surefire test -->
  </suite> <!-- Surefire suite -->
</testng-results>
