<?xml version="1.0" encoding="UTF-8"?>
<testsuite xmlns:xsi="http://www.w3.org/2001/XMLSchema-instance" xsi:noNamespaceSchemaLocation="https://maven.apache.org/surefire/maven-surefire-plugin/xsd/surefire-test-report-3.0.xsd" version="3.0" name="com.model.UserTest" time="0.575" tests="135" errors="0" skipped="0" failures="0">
  <properties>
[...]
</properties>
  <testcase name="testSetSkillLevelToUnknownValue on testSetSkillLevelToUnknownValue(com.model.UserTest)" classname="com.model.UserTest" time="0.004">
    <system-err><![CDATA[SLF4J: Failed to load class "org.slf4j.impl.StaticLoggerBinder".
SLF4J: Defaulting to no-operation (NOP) logger implementation
SLF4J: See http://www.slf4j.org/codes.html#StaticLoggerBinder for further details.
]]></system-err>
  </testcase>
  <testcase name="testPasswordIsNull on testPasswordIsNull(com.model.UserTest)" classname="com.model.UserTest" time="0.0"/>
  <testcase name="testSetSkillLevelBeginnerWithEnDash on testSetSkillLevelBeginnerWithEnDash(com.model.UserTest)" classname="com.model.UserTest" time="0.0"/>
  <testcase name="testPasswordWithUnicodeSpace on testPasswordWithUnicodeSpace(com.model.UserTest)" classname="com.model.UserTest" time="0.0"/>
  <testcase name="testUsernameOnlyDigits on testUsernameOnlyDigits(com.model.UserTest)" classname="com.model.UserTest" time="0.003"/>
  <testcase name="testPasswordOnlySpecialCharacters on testPasswordOnlySpecialCharacters(com.model.UserTest)" classname="com.model.UserTest" time="0.0"/>
  <testcase name="testSetSkillLevelWithEmoji on testSetSkillLevelWithEmoji(com.model.UserTest)" classname="com.model.UserTest" time="0.001"/>
  <testcase name="testPasswordMatch on testPasswordMatch(com.model.UserTest)" classname="com.model.UserTest" time="0.0"/>
  <testcase name="testUsernameIsEmpty on testUsernameIsEmpty(com.model.UserTest)" classname="com.model.UserTest" time="0.0"/>
  <testcase name="testUsernameIsValid on testUsernameIsValid(com.model.UserTest)" classname="com.model.UserTest" time="0.0"/>
  <testcase name="testSetFilterEmptyInput on testSetFilterEmptyInput(com.model.UserTest)" classname="com.model.UserTest" time="0.0"/>
  <testcase name="testPasswordWithInternalSpace on testPasswordWithInternalSpace(com.model.UserTest)" classname="com.model.UserTest" time="0.0"/>
  <testcase name="testUsernameWithEmoji on testUsernameWithEmoji(com.model.UserTest)" classname="com.model.UserTest" time="0.0"/>
  <testcase name="testPasswordNoCaps on testPasswordNoCaps(com.model.UserTest)" classname="com.model.UserTest" time="0.001"/>
  <testcase name="testUsernameWithSpace on testUsernameWithSpace(com.model.UserTest)" classname="com.model.UserTest" time="0.0"/>
  <testcase name="testSetSkillLevelMixedCase on testSetSkillLevelMixedCase(com.model.UserTest)" classname="com.model.UserTest" time="0.0"/>
  <testcase name="testSetSkillLevelNullInput on testSetSkillLevelNullInput(com.model.UserTest)" classname="com.model.UserTest" time="0.0"/>
  <testcase name="testPasswordLeadingSpace on testPasswordLeadingSpace(com.model.UserTest)" classname="com.model.UserTest" time="0.0"/>
  <testcase name="testSetSkillLevelBeginnerWithUnicode on testSetSkillLevelBeginnerWithUnicode(com.model.UserTest)" classname="com.model.UserTest" time="0.0"/>
  <testcase name="testSetFilterNoWithLeadingSpace on testSetFilterNoWithLeadingSpace(com.model.UserTest)" classname="com.model.UserTest" time="0.0"/>
  <testcase name="testUsernameMatchFromList on testUsernameMatchFromList(com.model.UserTest)" classname="com.model.UserTest" time="0.002"/>
  <testcase name="testPasswordWithSpecialChar on testPasswordWithSpecialChar(com.model.UserTest)" classname="com.model.UserTest" time="0.0"/>
  <testcase name="testPasswordWithUnderscore on testPasswordWithUnderscore(com.model.UserTest)" classname="com.model.UserTest" time="0.0"/>
  <testcase name="testSetSkillLevelWithInternalSpace on testSetSkillLevelWithInternalSpace(com.model.UserTest)" classname="com.model.UserTest" time="0.001"/>
  <testcase name="testSetSkillLevelWithInternalTypos on testSetSkillLevelWithInternalTypos(com.model.UserTest)" classname="com.model.UserTest" time="0.0"/>
  <testcase name="testSetFilterNoWithTrailingSpace on testSetFilterNoWithTrailingSpace(com.model.UserTest)" classname="com.model.UserTest" time="0.0"/>
  <testcase name="testSetSkillLevelProWithInvisibleCharacter on testSetSkillLevelProWithInvisibleCharacter(com.model.UserTest)" classname="com.model.UserTest" time="0.0"/>
  <testcase name="testPasswordWithLeadingSpace on testPasswordWithLeadingSpace(com.model.UserTest)" classname="com.model.UserTest" time="0.0"/>
  <testcase name="testGetPassword on testGetPassword(com.model.UserTest)" classname="com.model.UserTest" time="0.0"/>
  <testcase name="testSetSkillLevelToIntermediate on testSetSkillLevelToIntermediate(com.model.UserTest)" classname="com.model.UserTest" time="0.0"/>
  <testcase name="testGetEmail on testGetEmail(com.model.UserTest)" classname="com.model.UserTest" time="0.0"/>
  <testcase name="testSetSkillLevelIntermediateWithNewline on testSetSkillLevelIntermediateWithNewline(com.model.UserTest)" classname="com.model.UserTest" time="0.0"/>
  <testcase name="testUsernameInternalSpace on testUsernameInternalSpace(com.model.UserTest)" classname="com.model.UserTest" time="0.002"/>
  <testcase name="testSetSkillLevelWithTabCharacter on testSetSkillLevelWithTabCharacter(com.model.UserTest)" classname="com.model.UserTest" time="0.0"/>
  <testcase name="testPasswordWithNumbers on testPasswordWithNumbers(com.model.UserTest)" classname="com.model.UserTest" time="0.0"/>
  <testcase name="testUsernameAlreadyExistsExact on testUsernameAlreadyExistsExact(com.model.UserTest)" classname="com.model.UserTest" time="0.002"/>
  <testcase name="testPasswordWithEmoji on testPasswordWithEmoji(com.model.UserTest)" classname="com.model.UserTest" time="0.0"/>
  <testcase name="testSetSkillLevelProWithTab on testSetSkillLevelProWithTab(com.model.UserTest)" classname="com.model.UserTest" time="0.0"/>
  <testcase name="testSetSkillLevelWhitespaceOnly on testSetSkillLevelWhitespaceOnly(com.model.UserTest)" classname="com.model.UserTest" time="0.0"/>
  <testcase name="testSetSkillLevelWithUnicodeCharacters on testSetSkillLevelWithUnicodeCharacters(com.model.UserTest)" classname="com.model.UserTest" time="0.001"/>
  <testcase name="testSetFilterNoWithTab on testSetFilterNoWithTab(com.model.UserTest)" classname="com.model.UserTest" time="0.0"/>
  <testcase name="testPasswordTooShort on testPasswordTooShort(com.model.UserTest)" classname="com.model.UserTest" time="0.001"/>
  <testcase name="testUsernameMatch on testUsernameMatch(com.model.UserTest)" classname="com.model.UserTest" time="0.0"/>
  <testcase name="testSetFilterWhitespaceOnly on testSetFilterWhitespaceOnly(com.model.UserTest)" classname="com.model.UserTest" time="0.001"/>
  <testcase name="testPasswordWithEnDash on testPasswordWithEnDash(com.model.UserTest)" classname="com.model.UserTest" time="0.0"/>
  <testcase name="testSetFilterYesWithInvisibleCharacter on testSetFilterYesWithInvisibleCharacter(com.model.UserTest)" classname="com.model.UserTest" time="0.0"/>
  <testcase name="testGetSkillLevel on testGetSkillLevel(com.model.UserTest)" classname="com.model.UserTest" time="0.001"/>
  <testcase name="testUsernameMatchAllCaps on testUsernameMatchAllCaps(com.model.UserTest)" classname="com.model.UserTest" time="0.001"/>
  <testcase name="testPasswordMatchMixed on testPasswordMatchMixed(com.model.UserTest)" classname="com.model.UserTest" time="0.0"/>
  <testcase name="testSetSkillLevelIntermediateWithTab on testSetSkillLevelIntermediateWithTab(com.model.UserTest)" classname="com.model.UserTest" time="0.001"/>
  <testcase name="testUsernameOnlySpecialCharacters on testUsernameOnlySpecialCharacters(com.model.UserTest)" classname="com.model.UserTest" time="0.0"/>
  <testcase name="testSetSkillLevelEmptyInput on testSetSkillLevelEmptyInput(com.model.UserTest)" classname="com.model.UserTest" time="0.0"/>
  <testcase name="testgetFilter on testgetFilter(com.model.UserTest)" classname="com.model.UserTest" time="0.0"/>
  <testcase name="testUsernameTooLong on testUsernameTooLong(com.model.UserTest)" classname="com.model.UserTest" time="0.0"/>
  <testcase name="testSetFilterYesLowercase on testSetFilterYesLowercase(com.model.UserTest)" classname="com.model.UserTest" time="0.0"/>
  <testcase name="testPasswordWithTrailingSpace on testPasswordWithTrailingSpace(com.model.UserTest)" classname="com.model.UserTest" time="0.0"/>
  <testcase name="testUsernameAllCaps on testUsernameAllCaps(com.model.UserTest)" classname="com.model.UserTest" time="0.0"/>
  <testcase name="testSetFilterYesWithUnicode on testSetFilterYesWithUnicode(com.model.UserTest)" classname="com.model.UserTest" time="0.0"/>
  <testcase name="testSetSkillLevelToPro on testSetSkillLevelToPro(com.model.UserTest)" classname="com.model.UserTest" time="0.0"/>
  <testcase name="testSetSkillLevelProWithUnicode on testSetSkillLevelProWithUnicode(com.model.UserTest)" classname="com.model.UserTest" time="0.0"/>
  <testcase name="testSetFilterNoLowercase on testSetFilterNoLowercase(com.model.UserTest)" classname="com.model.UserTest" time="0.0"/>
  <testcase name="testUsernameTrailingSpace on testUsernameTrailingSpace(com.model.UserTest)" classname="com.model.UserTest" time="0.0"/>
  <testcase name="testSetSkillLevelProWithEnDash on testSetSkillLevelProWithEnDash(com.model.UserTest)" classname="com.model.UserTest" time="0.001"/>
  <testcase name="testSetSkillLevelWithTrailingSpaces on testSetSkillLevelWithTrailingSpaces(com.model.UserTest)" classname="com.model.UserTest" time="0.001"/>
  <testcase name="testUsernameWithInvisibleCharacter on testUsernameWithInvisibleCharacter(com.model.UserTest)" classname="com.model.UserTest" time="0.0"/>
  <testcase name="testSetSkillLevelWithLeadingSpaces on testSetSkillLevelWithLeadingSpaces(com.model.UserTest)" classname="com.model.UserTest" time="0.0"/>
  <testcase name="testUsernameWithNewlineCharacter on testUsernameWithNewlineCharacter(com.model.UserTest)" classname="com.model.UserTest" time="0.0"/>
  <testcase name="testSetFilterYesUppercase on testSetFilterYesUppercase(com.model.UserTest)" classname="com.model.UserTest" time="0.0"/>
  <testcase name="testSetFilterYesWithLeadingSpace on testSetFilterYesWithLeadingSpace(com.model.UserTest)" classname="com.model.UserTest" time="0.001"/>
  <testcase name="testGetLastName on testGetLastName(com.model.UserTest)" classname="com.model.UserTest" time="0.001"/>
  <testcase name="testSetSkillLevelBeginnerWithInvisibleCharacter on testSetSkillLevelBeginnerWithInvisibleCharacter(com.model.UserTest)" classname="com.model.UserTest" time="0.001"/>
  <testcase name="testSetFilterNoWithUnicode on testSetFilterNoWithUnicode(com.model.UserTest)" classname="com.model.UserTest" time="0.0"/>
  <testcase name="testUsernameWithEnDash on testUsernameWithEnDash(com.model.UserTest)" classname="com.model.UserTest" time="0.001"/>
  <testcase name="testGetBadgesEarned on testGetBadgesEarned(com.model.UserTest)" classname="com.model.UserTest" time="0.002"/>
  <testcase name="testUsernameMatchMixed on testUsernameMatchMixed(com.model.UserTest)" classname="com.model.UserTest" time="0.0"/>
  <testcase name="testSetSkillLevelIntermediateWithInvisibleCharacter on testSetSkillLevelIntermediateWithInvisibleCharacter(com.model.UserTest)" classname="com.model.UserTest" time="0.0"/>
  <testcase name="testSetSkillLevelIntermediateWithEnDash on testSetSkillLevelIntermediateWithEnDash(com.model.UserTest)" classname="com.model.UserTest" time="0.0"/>
  <testcase name="testSetFilterUnknownWord on testSetFilterUnknownWord(com.model.UserTest)" classname="com.model.UserTest" time="0.0"/>
  <testcase name="testPasswordWithUnicode on testPasswordWithUnicode(com.model.UserTest)" classname="com.model.UserTest" time="0.001"/>
  <testcase name="testUsernameWithNumbers on testUsernameWithNumbers(com.model.UserTest)" classname="com.model.UserTest" time="0.001"/>
  <testcase name="testPasswordIsEmpty on testPasswordIsEmpty(com.model.UserTest)" classname="com.model.UserTest" time="0.0"/>
  <testcase name="testPasswordIsValid on testPasswordIsValid(com.model.UserTest)" classname="com.model.UserTest" time="0.0"/>
  <testcase name="testSetSkillLevelBeginnerWithNewline on testSetSkillLevelBeginnerWithNewline(com.model.UserTest)" classname="com.model.UserTest" time="0.0"/>
  <testcase name="testSetFilterNoUppercase on testSetFilterNoUppercase(com.model.UserTest)" classname="com.model.UserTest" time="0.0"/>
  <testcase name="testSetFilterNoWithEnDash on testSetFilterNoWithEnDash(com.model.UserTest)" classname="com.model.UserTest" time="0.001"/>
  <testcase name="testSetFilterNoWithInvisibleCharacter on testSetFilterNoWithInvisibleCharacter(com.model.UserTest)" classname="com.model.UserTest" time="0.0"/>
  <testcase name="testSetFilterYesWithTab on testSetFilterYesWithTab(com.model.UserTest)" classname="com.model.UserTest" time="0.0"/>
  <testcase name="testSetSkillLevelIntermediateWithUnicode on testSetSkillLevelIntermediateWithUnicode(com.model.UserTest)" classname="com.model.UserTest" time="0.001"/>
  <testcase name="testSetFilterYesWithEmoji on testSetFilterYesWithEmoji(com.model.UserTest)" classname="com.model.UserTest" time="0.0"/>
  <testcase name="testSetSkillLevelBeginnerWithEmoji on testSetSkillLevelBeginnerWithEmoji(com.model.UserTest)" classname="com.model.UserTest" time="0.0"/>
  <testcase name="testSetSkillLevelBeginnerWithSpace on testSetSkillLevelBeginnerWithSpace(com.model.UserTest)" classname="com.model.UserTest" time="0.0"/>
  <testcase name="testPasswordMatchAllCaps on testPasswordMatchAllCaps(com.model.UserTest)" classname="com.model.UserTest" time="0.0"/>
  <testcase name="testPasswordInternalSpace on testPasswordInternalSpace(com.model.UserTest)" classname="com.model.UserTest" time="0.001"/>
  <testcase name="testSetFilterYesMixedCase on testSetFilterYesMixedCase(com.model.UserTest)" classname="com.model.UserTest" time="0.0"/>
  <testcase name="testUsernameLeadingSpace on testUsernameLeadingSpace(com.model.UserTest)" classname="com.model.UserTest" time="0.0"/>
  <testcase name="testUsernameWithTabCharacter on testUsernameWithTabCharacter(com.model.UserTest)" classname="com.model.UserTest" time="0.0"/>
  <testcase name="testUsernameIsNull on testUsernameIsNull(com.model.UserTest)" classname="com.model.UserTest" time="0.0"/>
  <testcase name="testSetFilterSingleLetterN on testSetFilterSingleLetterN(com.model.UserTest)" classname="com.model.UserTest" time="0.0"/>
  <testcase name="testSetFilterSingleLetterY on testSetFilterSingleLetterY(com.model.UserTest)" classname="com.model.UserTest" time="0.001"/>
  <testcase name="testPasswordAfterUsernameMatch on testPasswordAfterUsernameMatch(com.model.UserTest)" classname="com.model.UserTest" time="0.0"/>
  <testcase name="testSetSkillLevelProWithEmoji on testSetSkillLevelProWithEmoji(com.model.UserTest)" classname="com.model.UserTest" time="0.0"/>
  <testcase name="testSetSkillLevelProWithSpace on testSetSkillLevelProWithSpace(com.model.UserTest)" classname="com.model.UserTest" time="0.0"/>
  <testcase name="testSetSkillLevelWithNewlineCharacter on testSetSkillLevelWithNewlineCharacter(com.model.UserTest)" classname="com.model.UserTest" time="0.001"/>
  <testcase name="testSetSkillLevelLowercase on testSetSkillLevelLowercase(com.model.UserTest)" classname="com.model.UserTest" time="0.0"/>
  <testcase name="testUsernameNoCaps on testUsernameNoCaps(com.model.UserTest)" classname="com.model.UserTest" time="0.0"/>
  <testcase name="testSetFilterYesWithEnDash on testSetFilterYesWithEnDash(com.model.UserTest)" classname="com.model.UserTest" time="0.001"/>
  <testcase name="testUsernameWithSpecialChar on testUsernameWithSpecialChar(com.model.UserTest)" classname="com.model.UserTest" time="0.0"/>
  <testcase name="testSetFilterNoWithEmoji on testSetFilterNoWithEmoji(com.model.UserTest)" classname="com.model.UserTest" time="0.0"/>
  <testcase name="testUsernameWithUnderscore on testUsernameWithUnderscore(com.model.UserTest)" classname="com.model.UserTest" time="0.0"/>
  <testcase name="testSetFilterNoMixedCase on testSetFilterNoMixedCase(com.model.UserTest)" classname="com.model.UserTest" time="0.001"/>
  <testcase name="testSetSkillLevelWithInvisibleCharacter on testSetSkillLevelWithInvisibleCharacter(com.model.UserTest)" classname="com.model.UserTest" time="0.001"/>
  <testcase name="testPasswordOnlyDigits on testPasswordOnlyDigits(com.model.UserTest)" classname="com.model.UserTest" time="0.0"/>
  <testcase name="testGetUsername on testGetUsername(com.model.UserTest)" classname="com.model.UserTest" time="0.001"/>
  <testcase name="testGetFirstName on testGetFirstName(com.model.UserTest)" classname="com.model.UserTest" time="0.0"/>
  <testcase name="testPasswordMatchNoCaps on testPasswordMatchNoCaps(com.model.UserTest)" classname="com.model.UserTest" time="0.0"/>
  <testcase name="testSetSkillLevelIntermediateWithEmoji on testSetSkillLevelIntermediateWithEmoji(com.model.UserTest)" classname="com.model.UserTest" time="0.0"/>
  <testcase name="testSetSkillLevelIntermediateWithSpace on testSetSkillLevelIntermediateWithSpace(com.model.UserTest)" classname="com.model.UserTest" time="0.0"/>
  <testcase name="testPasswordTooLong on testPasswordTooLong(com.model.UserTest)" classname="com.model.UserTest" time="0.0"/>
  <testcase name="testUsernameWithUnicodeSpace on testUsernameWithUnicodeSpace(com.model.UserTest)" classname="com.model.UserTest" time="0.001"/>
  <testcase name="testPasswordWithTabCharacter on testPasswordWithTabCharacter(com.model.UserTest)" classname="com.model.UserTest" time="0.0"/>
  <testcase name="testGetUserID on testGetUserID(com.model.UserTest)" classname="com.model.UserTest" time="0.001"/>
  <testcase name="testPasswordWithNewlineCharacter on testPasswordWithNewlineCharacter(com.model.UserTest)" classname="com.model.UserTest" time="0.0"/>
  <testcase name="testPasswordWithInvisibleCharacter on testPasswordWithInvisibleCharacter(com.model.UserTest)" classname="com.model.UserTest" time="0.001"/>
  <testcase name="testPasswordAllCaps on testPasswordAllCaps(com.model.UserTest)" classname="com.model.UserTest" time="0.0"/>
  <testcase name="testSetFilterYesWithNewline on testSetFilterYesWithNewline(com.model.UserTest)" classname="com.model.UserTest" time="0.001"/>
  <testcase name="testSetSkillLevelToBeginner on testSetSkillLevelToBeginner(com.model.UserTest)" classname="com.model.UserTest" time="0.0"/>
  <testcase name="testSetSkillLevelProWithNewline on testSetSkillLevelProWithNewline(com.model.UserTest)" classname="com.model.UserTest" time="0.0"/>
  <testcase name="testSetFilterYesWithTrailingSpace on testSetFilterYesWithTrailingSpace(com.model.UserTest)" classname="com.model.UserTest" time="0.001"/>
  <testcase name="testPasswordTrailingSpace on testPasswordTrailingSpace(com.model.UserTest)" classname="com.model.UserTest" time="0.0"/>
  <testcase name="testSetSkillLevelWithEnDash on testSetSkillLevelWithEnDash(com.model.UserTest)" classname="com.model.UserTest" time="0.0"/>
  <testcase name="testUsernameWithUnicode on testUsernameWithUnicode(com.model.UserTest)" classname="com.model.UserTest" time="0.0"/>
  <testcase name="testUsernameAlreadyExistsDifferentCase on testUsernameAlreadyExistsDifferentCase(com.model.UserTest)" classname="com.model.UserTest" time="0.0"/>
  <testcase name="testSetFilterNullInput on testSetFilterNullInput(com.model.UserTest)" classname="com.model.UserTest" time="0.001"/>
  <testcase name="testSetSkillLevelBeginnerWithTab on testSetSkillLevelBeginnerWithTab(com.model.UserTest)" classname="com.model.UserTest" time="0.0"/>
  <testcase name="testSetFilterNoWithNewline on testSetFilterNoWithNewline(com.model.UserTest)" classname="com.model.UserTest" time="0.0"/>
</testsuite>