<?xml version="1.0" encoding="UTF-8"?>
<testsuite xmlns:xsi="http://www.w3.org/2001/XMLSchema-instance" xsi:noNamespaceSchemaLocation="https://maven.apache.org/surefire/maven-surefire-plugin/xsd/surefire-test-report-3.0.xsd" version="3.0" name="com.model.UserTest" time="0.362" tests="135" errors="0" skipped="0" failures="0">
  <properties>
[...]
</properties>
  <testcase name="testSetSkillLevelToUnknownValue" classname="com.model.UserTest" time="0.007"/>
  <testcase name="testPasswordIsNull" classname="com.model.UserTest" time="0.001"/>
  <testcase name="testSetSkillLevelBeginnerWithEnDash" classname="com.model.UserTest" time="0.0"/>
  <testcase name="testPasswordWithUnicodeSpace" classname="com.model.UserTest" time="0.0"/>
  <testcase name="testUsernameOnlyDigits" classname="com.model.UserTest" time="0.011"/>
  <testcase name="testPasswordOnlySpecialCharacters" classname="com.model.UserTest" time="0.0"/>
  <testcase name="testSetSkillLevelWithEmoji" classname="com.model.UserTest" time="0.001"/>
  <testcase name="testPasswordMatch" classname="com.model.UserTest" time="0.0"/>
  <testcase name="testUsernameIsEmpty" classname="com.model.UserTest" time="0.001"/>
  <testcase name="testUsernameIsValid" classname="com.model.UserTest" time="0.001"/>
  <testcase name="testSetFilterEmptyInput" classname="com.model.UserTest" time="0.0"/>
  <testcase name="testPasswordWithInternalSpace" classname="com.model.UserTest" time="0.001"/>
  <testcase name="testUsernameWithEmoji" classname="com.model.UserTest" time="0.001"/>
  <testcase name="testPasswordNoCaps" classname="com.model.UserTest" time="0.001"/>
  <testcase name="testUsernameWithSpace" classname="com.model.UserTest" time="0.0"/>
  <testcase name="testSetSkillLevelMixedCase" classname="com.model.UserTest" time="0.001"/>
  <testcase name="testSetSkillLevelNullInput" classname="com.model.UserTest" time="0.001"/>
  <testcase name="testPasswordLeadingSpace" classname="com.model.UserTest" time="0.0"/>
  <testcase name="testSetSkillLevelBeginnerWithUnicode" classname="com.model.UserTest" time="0.001"/>
  <testcase name="testSetFilterNoWithLeadingSpace" classname="com.model.UserTest" time="0.001"/>
  <testcase name="testUsernameMatchFromList" classname="com.model.UserTest" time="0.095"/>
  <testcase name="testPasswordWithSpecialChar" classname="com.model.UserTest" time="0.001"/>
  <testcase name="testPasswordWithUnderscore" classname="com.model.UserTest" time="0.001"/>
  <testcase name="testSetSkillLevelWithInternalSpace" classname="com.model.UserTest" time="0.001"/>
  <testcase name="testSetSkillLevelWithInternalTypos" classname="com.model.UserTest" time="0.0"/>
  <testcase name="testSetFilterNoWithTrailingSpace" classname="com.model.UserTest" time="0.001"/>
  <testcase name="testSetSkillLevelProWithInvisibleCharacter" classname="com.model.UserTest" time="0.001"/>
  <testcase name="testPasswordWithLeadingSpace" classname="com.model.UserTest" time="0.0"/>
  <testcase name="testGetPassword" classname="com.model.UserTest" time="0.001"/>
  <testcase name="testSetSkillLevelToIntermediate" classname="com.model.UserTest" time="0.0"/>
  <testcase name="testGetEmail" classname="com.model.UserTest" time="0.0"/>
  <testcase name="testSetSkillLevelIntermediateWithNewline" classname="com.model.UserTest" time="0.001"/>
  <testcase name="testUsernameInternalSpace" classname="com.model.UserTest" time="0.0"/>
  <testcase name="testSetSkillLevelWithTabCharacter" classname="com.model.UserTest" time="0.001"/>
  <testcase name="testPasswordWithNumbers" classname="com.model.UserTest" time="0.001"/>
  <testcase name="testUsernameAlreadyExistsExact" classname="com.model.UserTest" time="0.0"/>
  <testcase name="testPasswordWithEmoji" classname="com.model.UserTest" time="0.0"/>
  <testcase name="testSetSkillLevelProWithTab" classname="com.model.UserTest" time="0.0"/>
  <testcase name="testSetSkillLevelWhitespaceOnly" classname="com.model.UserTest" time="0.002"/>
  <testcase name="testSetSkillLevelWithUnicodeCharacters" classname="com.model.UserTest" time="0.0"/>
  <testcase name="testSetFilterNoWithTab" classname="com.model.UserTest" time="0.0"/>
  <testcase name="testPasswordTooShort" classname="com.model.UserTest" time="0.001"/>
  <testcase name="testUsernameMatch" classname="com.model.UserTest" time="0.0"/>
  <testcase name="testSetFilterWhitespaceOnly" classname="com.model.UserTest" time="0.001"/>
  <testcase name="testPasswordWithEnDash" classname="com.model.UserTest" time="0.0"/>
  <testcase name="testSetFilterYesWithInvisibleCharacter" classname="com.model.UserTest" time="0.001"/>
  <testcase name="testGetSkillLevel" classname="com.model.UserTest" time="0.0"/>
  <testcase name="testUsernameMatchAllCaps" classname="com.model.UserTest" time="0.0"/>
  <testcase name="testPasswordMatchMixed" classname="com.model.UserTest" time="0.0"/>
  <testcase name="testSetSkillLevelIntermediateWithTab" classname="com.model.UserTest" time="0.0"/>
  <testcase name="testUsernameOnlySpecialCharacters" classname="com.model.UserTest" time="0.001"/>
  <testcase name="testSetSkillLevelEmptyInput" classname="com.model.UserTest" time="0.0"/>
  <testcase name="testgetFilter" classname="com.model.UserTest" time="0.0"/>
  <testcase name="testUsernameTooLong" classname="com.model.UserTest" time="0.0"/>
  <testcase name="testSetFilterYesLowercase" classname="com.model.UserTest" time="0.001"/>
  <testcase name="testPasswordWithTrailingSpace" classname="com.model.UserTest" time="0.0"/>
  <testcase name="testUsernameAllCaps" classname="com.model.UserTest" time="0.0"/>
  <testcase name="testSetFilterYesWithUnicode" classname="com.model.UserTest" time="0.0"/>
  <testcase name="testSetSkillLevelToPro" classname="com.model.UserTest" time="0.0"/>
  <testcase name="testSetSkillLevelProWithUnicode" classname="com.model.UserTest" time="0.0"/>
  <testcase name="testSetFilterNoLowercase" classname="com.model.UserTest" time="0.0"/>
  <testcase name="testUsernameTrailingSpace" classname="com.model.UserTest" time="0.0"/>
  <testcase name="testSetSkillLevelProWithEnDash" classname="com.model.UserTest" time="0.001"/>
  <testcase name="testSetSkillLevelWithTrailingSpaces" classname="com.model.UserTest" time="0.001"/>
  <testcase name="testUsernameWithInvisibleCharacter" classname="com.model.UserTest" time="0.0"/>
  <testcase name="testSetSkillLevelWithLeadingSpaces" classname="com.model.UserTest" time="0.001"/>
  <testcase name="testUsernameWithNewlineCharacter" classname="com.model.UserTest" time="0.001"/>
  <testcase name="testSetFilterYesUppercase" classname="com.model.UserTest" time="0.0"/>
  <testcase name="testSetFilterYesWithLeadingSpace" classname="com.model.UserTest" time="0.0"/>
  <testcase name="testGetLastName" classname="com.model.UserTest" time="0.0"/>
  <testcase name="testSetSkillLevelBeginnerWithInvisibleCharacter" classname="com.model.UserTest" time="0.0"/>
  <testcase name="testSetFilterNoWithUnicode" classname="com.model.UserTest" time="0.0"/>
  <testcase name="testUsernameWithEnDash" classname="com.model.UserTest" time="0.0"/>
  <testcase name="testGetBadgesEarned" classname="com.model.UserTest" time="0.003"/>
  <testcase name="testUsernameMatchMixed" classname="com.model.UserTest" time="0.0"/>
  <testcase name="testSetSkillLevelIntermediateWithInvisibleCharacter" classname="com.model.UserTest" time="0.0"/>
  <testcase name="testSetSkillLevelIntermediateWithEnDash" classname="com.model.UserTest" time="0.002"/>
  <testcase name="testSetFilterUnknownWord" classname="com.model.UserTest" time="0.0"/>
  <testcase name="testPasswordWithUnicode" classname="com.model.UserTest" time="0.001"/>
  <testcase name="testUsernameWithNumbers" classname="com.model.UserTest" time="0.0"/>
  <testcase name="testPasswordIsEmpty" classname="com.model.UserTest" time="0.0"/>
  <testcase name="testPasswordIsValid" classname="com.model.UserTest" time="0.0"/>
  <testcase name="testSetSkillLevelBeginnerWithNewline" classname="com.model.UserTest" time="0.0"/>
  <testcase name="testSetFilterNoUppercase" classname="com.model.UserTest" time="0.0"/>
  <testcase name="testSetFilterNoWithEnDash" classname="com.model.UserTest" time="0.0"/>
  <testcase name="testSetFilterNoWithInvisibleCharacter" classname="com.model.UserTest" time="0.0"/>
  <testcase name="testSetFilterYesWithTab" classname="com.model.UserTest" time="0.0"/>
  <testcase name="testSetSkillLevelIntermediateWithUnicode" classname="com.model.UserTest" time="0.0"/>
  <testcase name="testSetFilterYesWithEmoji" classname="com.model.UserTest" time="0.001"/>
  <testcase name="testSetSkillLevelBeginnerWithEmoji" classname="com.model.UserTest" time="0.0"/>
  <testcase name="testSetSkillLevelBeginnerWithSpace" classname="com.model.UserTest" time="0.0"/>
  <testcase name="testPasswordMatchAllCaps" classname="com.model.UserTest" time="0.0"/>
  <testcase name="testPasswordInternalSpace" classname="com.model.UserTest" time="0.0"/>
  <testcase name="testSetFilterYesMixedCase" classname="com.model.UserTest" time="0.0"/>
  <testcase name="testUsernameLeadingSpace" classname="com.model.UserTest" time="0.0"/>
  <testcase name="testUsernameWithTabCharacter" classname="com.model.UserTest" time="0.001"/>
  <testcase name="testUsernameIsNull" classname="com.model.UserTest" time="0.0"/>
  <testcase name="testSetFilterSingleLetterN" classname="com.model.UserTest" time="0.001"/>
  <testcase name="testSetFilterSingleLetterY" classname="com.model.UserTest" time="0.0"/>
  <testcase name="testPasswordAfterUsernameMatch" classname="com.model.UserTest" time="0.0"/>
  <testcase name="testSetSkillLevelProWithEmoji" classname="com.model.UserTest" time="0.0"/>
  <testcase name="testSetSkillLevelProWithSpace" classname="com.model.UserTest" time="0.0"/>
  <testcase name="testSetSkillLevelWithNewlineCharacter" classname="com.model.UserTest" time="0.0"/>
  <testcase name="testSetSkillLevelLowercase" classname="com.model.UserTest" time="0.002"/>
  <testcase name="testUsernameNoCaps" classname="com.model.UserTest" time="0.0"/>
  <testcase name="testSetFilterYesWithEnDash" classname="com.model.UserTest" time="0.001"/>
  <testcase name="testUsernameWithSpecialChar" classname="com.model.UserTest" time="0.0"/>
  <testcase name="testSetFilterNoWithEmoji" classname="com.model.UserTest" time="0.0"/>
  <testcase name="testUsernameWithUnderscore" classname="com.model.UserTest" time="0.001"/>
  <testcase name="testSetFilterNoMixedCase" classname="com.model.UserTest" time="0.0"/>
  <testcase name="testSetSkillLevelWithInvisibleCharacter" classname="com.model.UserTest" time="0.0"/>
  <testcase name="testPasswordOnlyDigits" classname="com.model.UserTest" time="0.001"/>
  <testcase name="testGetUsername" classname="com.model.UserTest" time="0.0"/>
  <testcase name="testGetFirstName" classname="com.model.UserTest" time="0.0"/>
  <testcase name="testPasswordMatchNoCaps" classname="com.model.UserTest" time="0.0"/>
  <testcase name="testSetSkillLevelIntermediateWithEmoji" classname="com.model.UserTest" time="0.0"/>
  <testcase name="testSetSkillLevelIntermediateWithSpace" classname="com.model.UserTest" time="0.001"/>
  <testcase name="testPasswordTooLong" classname="com.model.UserTest" time="0.0"/>
  <testcase name="testUsernameWithUnicodeSpace" classname="com.model.UserTest" time="0.0"/>
  <testcase name="testPasswordWithTabCharacter" classname="com.model.UserTest" time="0.0"/>
  <testcase name="testGetUserID" classname="com.model.UserTest" time="0.0"/>
  <testcase name="testPasswordWithNewlineCharacter" classname="com.model.UserTest" time="0.0"/>
  <testcase name="testPasswordWithInvisibleCharacter" classname="com.model.UserTest" time="0.0"/>
  <testcase name="testPasswordAllCaps" classname="com.model.UserTest" time="0.0"/>
  <testcase name="testSetFilterYesWithNewline" classname="com.model.UserTest" time="0.002"/>
  <testcase name="testSetSkillLevelToBeginner" classname="com.model.UserTest" time="0.0"/>
  <testcase name="testSetSkillLevelProWithNewline" classname="com.model.UserTest" time="0.001"/>
  <testcase name="testSetFilterYesWithTrailingSpace" classname="com.model.UserTest" time="0.003"/>
  <testcase name="testPasswordTrailingSpace" classname="com.model.UserTest" time="0.0"/>
  <testcase name="testSetSkillLevelWithEnDash" classname="com.model.UserTest" time="0.0"/>
  <testcase name="testUsernameWithUnicode" classname="com.model.UserTest" time="0.0"/>
  <testcase name="testUsernameAlreadyExistsDifferentCase" classname="com.model.UserTest" time="0.0"/>
  <testcase name="testSetFilterNullInput" classname="com.model.UserTest" time="0.0"/>
  <testcase name="testSetSkillLevelBeginnerWithTab" classname="com.model.UserTest" time="0.0"/>
  <testcase name="testSetFilterNoWithNewline" classname="com.model.UserTest" time="0.0"/>
</testsuite>